2023-09-30 15:40:42.787 [info] [perf] Render performance baseline is 29ms
2023-09-30 15:50:53.648 [error] Unable to read file '/home/fib/.config/hypr/themes/Graphite-Mono.conf' (Error: File not modified since): Error: Unable to read file '/home/fib/.config/hypr/themes/Graphite-Mono.conf' (Error: File not modified since)
    at r.w (vscode-file://vscode-app/opt/visual-studio-code/resources/app/out/vs/workbench/workbench.desktop.main.js:630:16316)
    at r.v (vscode-file://vscode-app/opt/visual-studio-code/resources/app/out/vs/workbench/workbench.desktop.main.js:630:16204)
    at async b.H (vscode-file://vscode-app/opt/visual-studio-code/resources/app/out/vs/workbench/workbench.desktop.main.js:2340:37067)
    at async b.readStream (vscode-file://vscode-app/opt/visual-studio-code/resources/app/out/vs/workbench/workbench.desktop.main.js:2340:36824)
    at async L.zb (vscode-file://vscode-app/opt/visual-studio-code/resources/app/out/vs/workbench/workbench.desktop.main.js:2329:29196)
    at async L.resolve (vscode-file://vscode-app/opt/visual-studio-code/resources/app/out/vs/workbench/workbench.desktop.main.js:2329:27643)
    at async vscode-file://vscode-app/opt/visual-studio-code/resources/app/out/vs/workbench/workbench.desktop.main.js:2340:32937
2023-09-30 15:50:53.649 [error] Unable to read file '/home/fib/.config/hypr/themes/Frosted-Glass.conf' (Error: File not modified since): Error: Unable to read file '/home/fib/.config/hypr/themes/Frosted-Glass.conf' (Error: File not modified since)
    at r.w (vscode-file://vscode-app/opt/visual-studio-code/resources/app/out/vs/workbench/workbench.desktop.main.js:630:16316)
    at r.v (vscode-file://vscode-app/opt/visual-studio-code/resources/app/out/vs/workbench/workbench.desktop.main.js:630:16204)
    at async b.H (vscode-file://vscode-app/opt/visual-studio-code/resources/app/out/vs/workbench/workbench.desktop.main.js:2340:37067)
    at async b.readStream (vscode-file://vscode-app/opt/visual-studio-code/resources/app/out/vs/workbench/workbench.desktop.main.js:2340:36824)
    at async L.zb (vscode-file://vscode-app/opt/visual-studio-code/resources/app/out/vs/workbench/workbench.desktop.main.js:2329:29196)
    at async L.resolve (vscode-file://vscode-app/opt/visual-studio-code/resources/app/out/vs/workbench/workbench.desktop.main.js:2329:27643)
    at async vscode-file://vscode-app/opt/visual-studio-code/resources/app/out/vs/workbench/workbench.desktop.main.js:2340:32937
2023-09-30 15:50:53.649 [error] Unable to read file '/home/fib/.config/hypr/themes/Decay-Green.conf' (Error: File not modified since): Error: Unable to read file '/home/fib/.config/hypr/themes/Decay-Green.conf' (Error: File not modified since)
    at r.w (vscode-file://vscode-app/opt/visual-studio-code/resources/app/out/vs/workbench/workbench.desktop.main.js:630:16316)
    at r.v (vscode-file://vscode-app/opt/visual-studio-code/resources/app/out/vs/workbench/workbench.desktop.main.js:630:16204)
    at async b.H (vscode-file://vscode-app/opt/visual-studio-code/resources/app/out/vs/workbench/workbench.desktop.main.js:2340:37067)
    at async b.readStream (vscode-file://vscode-app/opt/visual-studio-code/resources/app/out/vs/workbench/workbench.desktop.main.js:2340:36824)
    at async L.zb (vscode-file://vscode-app/opt/visual-studio-code/resources/app/out/vs/workbench/workbench.desktop.main.js:2329:29196)
    at async L.resolve (vscode-file://vscode-app/opt/visual-studio-code/resources/app/out/vs/workbench/workbench.desktop.main.js:2329:27643)
    at async vscode-file://vscode-app/opt/visual-studio-code/resources/app/out/vs/workbench/workbench.desktop.main.js:2340:32937
